Log file open, 02/02/16 14:56:18
LogInit:Display: Running engine for game: HelloWorld
LogPlatformFile: Not using cached read wrapper
LogInit:Display: RandInit(1771383174) SRandInit(1771383177).
LogTaskGraph: Started task graph with 4 named threads and 7 total threads.
LogStats: Stats thread started at 0.096703
LogHMD: Can't find Oculus library dev build: is proper Runtime installed? Version: 0.8.0.0
LogInit: Version: 4.11.0-2843242+++UE4+Release-4.11
LogInit: API Version: 2843242
LogInit: Compiled (64-bit): Jan 26 2016 02:13:53
LogInit: Compiled with Visual C++: 19.00.23026.00
LogInit: Build Configuration: Development
LogInit: Branch Name: ++UE4+Release-4.11
LogInit: Command line: 
LogInit: Base directory: C:/Program Files/Epic Games/4.11/Engine/Binaries/Win64/
LogInit: Installed Engine Build: 1
LogInit: Using libcurl 7.41.0
LogInit:  - built for x86_64-pc-win32
LogInit:  - supports SSL with WinSSL
LogInit:  - other features:
LogInit:      CURL_VERSION_SSL
LogInit:      CURL_VERSION_IPV6
LogInit:      CURL_VERSION_ASYNCHDNS
LogInit:      CURL_VERSION_LARGEFILE
LogInit:      CURL_VERSION_IDN
LogInit:  CurlRequestOptions (configurable via config and command line):
LogInit:  - bVerifyPeer = true  - Libcurl will verify peer certificate
LogInit:  - bUseHttpProxy = false  - Libcurl will NOT use HTTP proxy
LogInit:  - bDontReuseConnections = false  - Libcurl will reuse connections
LogInit:  - CertBundlePath = nullptr  - Libcurl will use whatever was configured at build time.
LogInit: Presizing for max 16777216 objects, including 0 objects not considered by GC, pre-allocating 0 bytes for permanent pool.
LogInit: Object subsystem initialized
[2016.02.02-16.56.18:502][  0]LogInit: Selected Device Profile: [Windows]
[2016.02.02-16.56.18:502][  0]LogInit: Applying CVar settings loaded from the selected device profile: [Windows]
[2016.02.02-16.56.18:509][  0]LogInit: Computer: GABRIEL-PC
[2016.02.02-16.56.18:509][  0]LogInit: User: GabrielJordão
[2016.02.02-16.56.18:509][  0]LogInit: CPU Page size=65536, Cores=4
[2016.02.02-16.56.18:509][  0]LogInit: High frequency timer resolution =3.513590 MHz
[2016.02.02-16.56.18:509][  0]LogMemory: Memory total: Physical=15.9GB (16GB approx)
[2016.02.02-16.56.18:509][  0]LogMemory: Platform Memory Stats for Windows
[2016.02.02-16.56.18:509][  0]LogMemory: Process Physical Memory: 312.46 MB used, 312.46 MB peak
[2016.02.02-16.56.18:509][  0]LogMemory: Process Virtual Memory: 314.95 MB used, 314.95 MB peak
[2016.02.02-16.56.18:509][  0]LogMemory: Physical Memory: 6016.76 MB used, 16325.27 MB total
[2016.02.02-16.56.18:509][  0]LogMemory: Virtual Memory: 655.23 MB used, 134217728.00 MB total
[2016.02.02-16.56.18:537][  0]LogTextLocalizationManager: No specific translations for ('en-US') exist, so ('en') translations will be used.
[2016.02.02-16.56.18:885][  0]LogD3D11RHI: D3D11 adapters:
[2016.02.02-16.56.18:912][  0]LogD3D11RHI:    0. 'NVIDIA GeForce GTX 760' (Feature Level 11_0)
[2016.02.02-16.56.18:912][  0]LogD3D11RHI:       1989MB of dedicated video memory, 0MB of dedicated system memory, and 8162MB of shared system memory, 2 output[s]
[2016.02.02-16.56.18:913][  0]LogD3D11RHI:    1. 'Microsoft Basic Render Driver' (Feature Level 11_0)
[2016.02.02-16.56.18:913][  0]LogD3D11RHI:       0MB of dedicated video memory, 0MB of dedicated system memory, and 8162MB of shared system memory, 0 output[s]
[2016.02.02-16.56.18:913][  0]LogD3D11RHI: Chosen D3D11 Adapter: 0
[2016.02.02-16.56.18:918][  0]LogD3D11RHI: Creating new Direct3DDevice
[2016.02.02-16.56.18:918][  0]LogD3D11RHI:     Adapter Name: NVIDIA GeForce GTX 760
[2016.02.02-16.56.18:918][  0]LogD3D11RHI:   Driver Version: 10.18.13.6175 (internal 10.18.13.6175)
[2016.02.02-16.56.18:918][  0]LogD3D11RHI:      Driver Date: 1-22-2016
[2016.02.02-16.56.18:918][  0]LogRHI: Texture pool is 1361 MB (70% of 1945 MB)
[2016.02.02-16.56.18:938][  0]LogD3D11RHI: Async texture creation enabled
[2016.02.02-16.56.18:952][  0]LogShaderCompilers: Guid format shader working directory is -30 characters bigger than the processId version (../../../../../../Users/Gabriel Jordão/Documents/ue-course/lecture-7/HelloWorld/Intermediate/Shaders/WorkingDirectory/7080/).
[2016.02.02-16.56.18:952][  0]LogShaderCompilers: Cleaned the shader compiler working directory 'C:/Users/GABRIE~1/AppData/Local/Temp/UnrealShaderWorkingDir/167502384191AD89988845B5DDDC6102/'.
[2016.02.02-16.56.18:953][  0]LogShaderCompilers:Display: Using Local Shader Compiler.
[2016.02.02-16.56.19:724][  0]LogTemp:Display: Loaded TP AllDesktopTargetPlatform
[2016.02.02-16.56.19:729][  0]LogTemp:Display: Loaded TP WindowsClientTargetPlatform
[2016.02.02-16.56.19:733][  0]LogTemp:Display: Loaded TP WindowsNoEditorTargetPlatform
[2016.02.02-16.56.19:738][  0]LogTemp:Display: Loaded TP WindowsServerTargetPlatform
[2016.02.02-16.56.19:742][  0]LogTemp:Display: Loaded TP WindowsTargetPlatform
[2016.02.02-16.56.19:745][  0]LogTemp:Display: Loaded TP AndroidTargetPlatform
[2016.02.02-16.56.19:748][  0]LogTemp:Display: Loaded TP Android_ASTCTargetPlatform
[2016.02.02-16.56.19:751][  0]LogTemp:Display: Loaded TP Android_ATCTargetPlatform
[2016.02.02-16.56.19:753][  0]LogTemp:Display: Loaded TP Android_DXTTargetPlatform
[2016.02.02-16.56.19:756][  0]LogTemp:Display: Loaded TP Android_ETC1TargetPlatform
[2016.02.02-16.56.19:758][  0]LogTemp:Display: Loaded TP Android_ETC2TargetPlatform
[2016.02.02-16.56.19:764][  0]LogTemp:Display: Loaded TP Android_MultiTargetPlatform
[2016.02.02-16.56.19:764][  0]LogTemp:Display: Loaded TP Android_PVRTCTargetPlatform
[2016.02.02-16.56.19:764][  0]LogTemp:Display: Loaded TP HTML5TargetPlatform
[2016.02.02-16.56.19:781][  0]LogTemp:Display: Loaded TP IOSTargetPlatform
[2016.02.02-16.56.19:783][  0]LogTemp:Display: Loaded TP TVOSTargetPlatform
[2016.02.02-16.56.19:785][  0]LogTemp:Display: Loaded TP LinuxNoEditorTargetPlatform
[2016.02.02-16.56.19:787][  0]LogTemp:Display: Loaded TP LinuxServerTargetPlatform
[2016.02.02-16.56.19:790][  0]LogTemp:Display: Loaded TP LinuxTargetPlatform
[2016.02.02-16.56.19:790][  0]LogTargetPlatformManager:Display: Building Assets For Windows
[2016.02.02-16.56.19:858][  0]LogDerivedDataCache:Display: Max Cache Size: 512 MB
[2016.02.02-16.56.19:903][  0]LogDerivedDataCache: Loaded boot cache 0.04s 59MB C:/Users/Gabriel Jordão/AppData/Local/UnrealEngine/4.11/DerivedDataCache/Boot.ddc.
[2016.02.02-16.56.19:903][  0]LogDerivedDataCache:Display: Loaded Boot cache: C:/Users/Gabriel Jordão/AppData/Local/UnrealEngine/4.11/DerivedDataCache/Boot.ddc
[2016.02.02-16.56.19:903][  0]LogDerivedDataCache: FDerivedDataBackendGraph:  Pak pak cache file ../../../../../../Users/Gabriel Jordão/Documents/ue-course/lecture-7/HelloWorld/DerivedDataCache/DDC.ddp not found, will not use a pak cache.
[2016.02.02-16.56.19:903][  0]LogDerivedDataCache: Unable to find inner node Pak for hierarchical cache Hierarchy.
[2016.02.02-16.56.19:903][  0]LogDerivedDataCache: FDerivedDataBackendGraph:  CompressedPak pak cache file ../../../../../../Users/Gabriel Jordão/Documents/ue-course/lecture-7/HelloWorld/DerivedDataCache/Compressed.ddp not found, will not use a pak cache.
[2016.02.02-16.56.19:903][  0]LogDerivedDataCache: Unable to find inner node CompressedPak for hierarchical cache Hierarchy.
[2016.02.02-16.56.19:915][  0]LogDerivedDataCache:Display: Pak cache opened for reading ../../../Engine/DerivedDataCache/Compressed.ddp.
[2016.02.02-16.56.19:926][  0]LogDerivedDataCache: Using Local data cache path C:/Users/Gabriel Jordão/AppData/Local/UnrealEngine/Common/DerivedDataCache: Writable
[2016.02.02-16.56.20:052][  0]LogInit: Selected Device Profile: [Windows]
[2016.02.02-16.56.20:053][  0]LogContentStreaming: Texture pool size is 0.00 MB
[2016.02.02-16.56.20:090][  0]LogMaterial: Uniform references updated for custom material expression Custom.
[2016.02.02-16.56.20:207][  0]LogMeshUtilities: No automatic mesh reduction module available
[2016.02.02-16.56.20:208][  0]LogMeshUtilities: No automatic mesh merging module available
[2016.02.02-16.56.20:208][  0]LogMeshUtilities: No distributed automatic mesh merging module available
[2016.02.02-16.56.20:409][  0]LogInit: WinSock: version 1.1 (2.2), MaxSocks=32767, MaxUdp=65467
[2016.02.02-16.56.20:483][  0]LogSlate: SlateFontCache - WITH_FREETYPE: 1, WITH_HARFBUZZ: 1
[2016.02.02-16.56.20:483][  0]LogSlate: SlateFontCache - WITH_FREETYPE: 1, WITH_HARFBUZZ: 1
[2016.02.02-16.56.20:560][  0]LogStreaming:Warning: Failed to read file '../../../Engine/Content/Editor/Slate/Common/Selection_16x.png' error.
[2016.02.02-16.56.20:560][  0]LogSlate: Could not find file for Slate resource: ../../../Engine/Content/Editor/Slate/Common/Selection_16x.png
[2016.02.02-16.56.20:560][  0]LogStreaming:Warning: Failed to read file '../../../Engine/Content/Editor/Slate/Common/Selection_16x.png' error.
[2016.02.02-16.56.20:560][  0]LogSlate: Could not find file for Slate resource: ../../../Engine/Content/Editor/Slate/Common/Selection_16x.png
[2016.02.02-16.56.20:560][  0]LogStreaming:Warning: Failed to read file '../../../Engine/Content/Editor/Slate/Common/Selection_16x.png' error.
[2016.02.02-16.56.20:560][  0]LogSlate: Could not find file for Slate resource: ../../../Engine/Content/Editor/Slate/Common/Selection_16x.png
[2016.02.02-16.56.21:050][  0]LogUdpMessaging: Initializing bridge on interface 0.0.0.0:0 to multicast group 230.0.0.1:6666.
[2016.02.02-16.56.21:163][  0]LogAssetRegistry: FAssetRegistry took 0.0213 seconds to start up
[2016.02.02-16.56.21:277][  0]SourceControl: Info Source control is disabled
[2016.02.02-16.56.21:299][  0]SourceControl: Info Source control is disabled
[2016.02.02-16.56.21:307][  0]SourceControl: Info Source control is disabled
[2016.02.02-16.56.21:314][  0]SourceControl: Info Source control is disabled
[2016.02.02-16.56.21:466][  0]LogObj: 29987 objects as part of root set at end of initial load.
[2016.02.02-16.56.21:466][  0]LogUObjectAllocator: 6399080 out of 0 bytes used by permanent object pool.
[2016.02.02-16.56.22:364][  0]LogEngine: Initializing Engine...
[2016.02.02-16.56.22:364][  0]LogHMD: SteamVR failed to initialize.  Err: 110
[2016.02.02-16.56.22:482][  0]LogAIModule: Creating AISystem for world NewWorld
[2016.02.02-16.56.22:491][  0]LogInit: XAudio2 using 'Speakers (Realtek High Definition Audio)' : 2 channels at 48 kHz using 32 bits per sample (channel mask 0x3)
[2016.02.02-16.56.22:508][  0]LogInit: FAudioDevice initialized.
[2016.02.02-16.56.22:531][  0]LogDerivedDataCache: Saved boot cache 0.02s 47MB C:/Users/Gabriel Jordão/AppData/Local/UnrealEngine/4.11/DerivedDataCache/Boot.ddc.
[2016.02.02-16.56.22:536][  0]LogInit: Texture streaming: Enabled
[2016.02.02-16.56.22:580][  0]LogInit: Transaction tracking system initialized
[2016.02.02-16.56.22:606][  0]BlueprintLog: New page: Editor Load
[2016.02.02-16.56.22:835][  0]LocalizationService: Info Localization service is disabled
[2016.02.02-16.56.22:941][  0]LogConsoleResponse:Display: 
[2016.02.02-16.56.23:118][  0]LogFileCache: Scanning file cache for directory 'C:/Users/Gabriel Jordão/Documents/ue-course/lecture-7/HelloWorld/Content/' took 0.01s
[2016.02.02-16.56.23:118][  0]LogCook:Display: Max memory allowance for cook 8192mb
[2016.02.02-16.56.23:118][  0]LogCook:Display: Mobile HDR setting 1
[2016.02.02-16.56.23:118][  0]LogCook:Display: Done creating registry. It took  0.00s.
[2016.02.02-16.56.23:174][  0]SourceControl: Info Source control is disabled
[2016.02.02-16.56.23:175][  0]Cmd: MAP LOAD FILE="../../../Engine/Content/Maps/Templates/Template_Default.umap" TEMPLATE=1 SHOWPROGRESS=1 FEATURELEVEL=3
[2016.02.02-16.56.23:175][  0]LightingResults: New page: Lighting Build
[2016.02.02-16.56.23:178][  0]MapCheck: New page: Map Check
[2016.02.02-16.56.23:178][  0]LightingResults: New page: Lighting Build
[2016.02.02-16.56.23:368][  0]LogAIModule: Creating AISystem for world Untitled_1
[2016.02.02-16.56.23:372][  0]LogEditorServer: Finished looking for orphan Actors (0.000 secs)
[2016.02.02-16.56.23:375][  0]Cmd: MAP CHECKDEP NOCLEARLOG
[2016.02.02-16.56.23:405][  0]MapCheck: Info Map check complete: 0 Error(s), 0 Warning(s), took 30.039ms to complete.
[2016.02.02-16.56.23:405][  0]LogFileHelpers: Loading map 'Template_Default' took 0.230
[2016.02.02-16.56.25:654][  0]LogCollectionManager: Loaded 0 collections in 0.005024 seconds
[2016.02.02-16.56.25:993][  0]LogFileCache: Scanning file cache for directory 'C:/Users/Gabriel Jordão/Documents/ue-course/lecture-7/HelloWorld/Saved/Collections/' took 0.01s
[2016.02.02-16.56.25:993][  0]LogFileCache: Scanning file cache for directory 'C:/Users/Gabriel Jordão/Documents/ue-course/lecture-7/HelloWorld/Content/Developers/GabrielJordão/Collections/' took 0.01s
[2016.02.02-16.56.25:993][  0]LogFileCache: Scanning file cache for directory 'C:/Users/Gabriel Jordão/Documents/ue-course/lecture-7/HelloWorld/Content/Collections/' took 0.01s
[2016.02.02-16.56.25:993][  0]LogCollectionManager: Rebuilt the GUID cache for 0 collections in 0.000008 seconds
[2016.02.02-16.56.26:024][  0]LogContentBrowser: Native class hierarchy populated in 0.0285 seconds. Added 1984 classes and 346 folders.
[2016.02.02-16.56.26:466][  0]LogStats: UGameplayTagsManager::ConstructGameplayTagTree: Construct from data asset -  0.000 s
[2016.02.02-16.56.26:467][  0]LogStats: UGameplayTagsManager::ConstructGameplayTagTree: GameplayTagTreeChangedEvent.Broadcast -  0.001 s
[2016.02.02-16.56.26:470][  0]LogContentBrowser: Native class hierarchy updated for 'GameplayTags' in 0.0019 seconds. Added 12 classes and 0 folders.
[2016.02.02-16.56.26:617][  0]LogContentBrowser: Native class hierarchy updated for 'WidgetCarousel' in 0.0011 seconds. Added 0 classes and 0 folders.
[2016.02.02-16.56.28:475][  0]LogContentBrowser: Native class hierarchy updated for 'AddContentDialog' in 0.0012 seconds. Added 0 classes and 0 folders.
[2016.02.02-16.56.28:686][  0]LogContentBrowser: Native class hierarchy updated for 'SceneOutliner' in 0.0013 seconds. Added 1 classes and 2 folders.
[2016.02.02-16.56.29:868][  0]LogCrashTracker: Crashtracker disabled due to settings.
[2016.02.02-16.56.30:303][  0]LogTexture:Display: Building textures: Blueprint_64x (BGRA8)
[2016.02.02-16.56.30:323][  0]LogTexture:Display: Building textures: icon_Editor_Preferences_General_40x (BGRA8)
[2016.02.02-16.56.30:357][  0]LogTexture:Display: Building textures: Paper2DSprite_TutorialIcon (BGRA8)
[2016.02.02-16.56.30:382][  0]LogTexture:Display: Building textures: icon_ShowSkeletalMeshes_40x (BGRA8)
[2016.02.02-16.56.30:399][  0]LogTexture:Display: Building textures: Landscape (BGRA8)
[2016.02.02-16.56.30:436][  0]LogTexture:Display: Building textures: Foliage (BGRA8)
[2016.02.02-16.56.30:598][  0]LogContentBrowser: Native class hierarchy updated for 'HierarchicalLODOutliner' in 0.0005 seconds. Added 1 classes and 2 folders.
[2016.02.02-16.56.30:599][  0]LogLoad: Full Startup: 12.81 seconds (BP compile: 0.08 seconds)
[2016.02.02-16.56.30:599][  0]LogExternalProfiler: Found external profiler: VSPerf
[2016.02.02-16.56.30:599][  0]LogExternalProfiler: Using external profiler: VSPerf
[2016.02.02-16.56.30:609][  0]LogOcInput: Can't find Oculus library dev build: is proper Runtime installed? Version: 0.8.0.0
[2016.02.02-16.56.31:382][  0]LogContentStreaming: Texture pool size now 1000 MB
[2016.02.02-16.56.31:591][  0]LogTexture:Display: Building textures: icon_tab_Levels_40x (BGRA8)
[2016.02.02-16.56.32:010][  0]LogTexture:Display: Building textures: LevelGrid1DStripes (BGRA8)
[2016.02.02-16.56.32:707][  0]LogRenderer: Reallocating scene render targets to support 1208x576 (Frame:2).
[2016.02.02-16.56.37:037][379]LogAssetRegistry: Asset discovery search completed in 15.8955 seconds
[2016.02.02-16.56.37:037][379]LogCollectionManager: Rebuilt the object cache for 0 collections in 0.000001 seconds (found 0 objects)
[2016.02.02-16.56.37:037][379]LogCollectionManager: Fixed up redirectors for 0 collections in 0.000020 seconds (updated 0 objects)
[2016.02.02-17.01.17:869][471]LogEditorViewport: Clicking on Actor (LMB): StaticMeshActor (Floor)
[2016.02.02-17.01.52:721][339]Cmd: CLOSE_SLATE_MAINFRAME
[2016.02.02-17.02.10:447][823]Cmd: CLOSE_SLATE_MAINFRAME
[2016.02.02-17.02.11:889][824]Cmd: QUIT_EDITOR
[2016.02.02-17.02.11:967][824]LogWindowsTextInputMethodSystem:Display: IME system now deactivated.
[2016.02.02-17.02.12:014][824]LogExit: Preparing to exit.
[2016.02.02-17.02.12:219][824]LogExit: Editor shut down
[2016.02.02-17.02.12:220][824]LogExit: Transaction tracking system shut down
[2016.02.02-17.02.12:336][824]LogObj: Freed 0b from 0 cluster array pools.
[2016.02.02-17.02.12:337][824]LogExit: Object subsystem successfully closed.
[2016.02.02-17.02.12:358][824]LogD3D11RHI: Shutdown
[2016.02.02-17.02.12:358][824]LogD3D11RHI: CleanupD3DDevice
[2016.02.02-17.02.12:406][824]LogD3D11RHI: ~FD3D11DynamicRHI
[2016.02.02-17.02.12:446][824]LogDerivedDataCache: Shutdown
[2016.02.02-17.02.12:446][824]LogModuleManager: Shutting down and abandoning module HierarchicalLODOutliner (204)
[2016.02.02-17.02.12:446][824]LogModuleManager: Shutting down and abandoning module CrashTracker (203)
[2016.02.02-17.02.12:446][824]LogModuleManager: Shutting down and abandoning module SceneOutliner (202)
[2016.02.02-17.02.12:446][824]LogModuleManager: Shutting down and abandoning module SuperSearch (201)
[2016.02.02-17.02.12:446][824]LogModuleManager: Shutting down and abandoning module WidgetCarousel (200)
[2016.02.02-17.02.12:446][824]LogModuleManager: Shutting down and abandoning module AddContentDialog (199)
[2016.02.02-17.02.12:448][824]LogModuleManager: Shutting down and abandoning module GameplayTags (198)
[2016.02.02-17.02.12:448][824]LogModuleManager: Shutting down and abandoning module EditorWidgets (197)
[2016.02.02-17.02.12:448][824]LogModuleManager: Shutting down and abandoning module CollectionManager (196)
[2016.02.02-17.02.12:448][824]LogModuleManager: Shutting down and abandoning module StatsViewer (195)
[2016.02.02-17.02.12:448][824]LogModuleManager: Shutting down and abandoning module FoliageEdit (194)
[2016.02.02-17.02.12:448][824]LogModuleManager: Shutting down and abandoning module LandscapeEditor (193)
[2016.02.02-17.02.12:449][824]LogModuleManager: Shutting down and abandoning module ActorPickerMode (192)
[2016.02.02-17.02.12:449][824]LogModuleManager: Shutting down and abandoning module GeometryMode (191)
[2016.02.02-17.02.12:449][824]LogModuleManager: Shutting down and abandoning module TextureAlignMode (190)
[2016.02.02-17.02.12:449][824]LogModuleManager: Shutting down and abandoning module BspMode (189)
[2016.02.02-17.02.12:449][824]LogModuleManager: Shutting down and abandoning module PlacementMode (188)
[2016.02.02-17.02.12:449][824]LogModuleManager: Shutting down and abandoning module AutomationWorker (187)
[2016.02.02-17.02.12:449][824]LogModuleManager: Shutting down and abandoning module CharacterAI (186)
[2016.02.02-17.02.12:449][824]LogModuleManager: Shutting down and abandoning module SmartSnapping (185)
[2016.02.02-17.02.12:449][824]LogModuleManager: Shutting down and abandoning module ViewportSnapping (184)
[2016.02.02-17.02.12:449][824]LogModuleManager: Shutting down and abandoning module LogVisualizer (183)
[2016.02.02-17.02.12:449][824]LogModuleManager: Shutting down and abandoning module GameProjectGeneration (182)
[2016.02.02-17.02.12:449][824]LogModuleManager: Shutting down and abandoning module IntroTutorials (181)
[2016.02.02-17.02.12:449][824]LogModuleManager: Shutting down and abandoning module EditorLiveStreaming (180)
[2016.02.02-17.02.12:449][824]LogModuleManager: Shutting down and abandoning module IOSPlatformEditor (179)
[2016.02.02-17.02.12:449][824]LogModuleManager: Shutting down and abandoning module HTML5PlatformEditor (178)
[2016.02.02-17.02.12:449][824]LogModuleManager: Shutting down and abandoning module AndroidDeviceDetection (177)
[2016.02.02-17.02.12:976][824]LogModuleManager: Shutting down and abandoning module AndroidPlatformEditor (176)
[2016.02.02-17.02.12:976][824]LogModuleManager: Shutting down and abandoning module IOSRuntimeSettings (175)
[2016.02.02-17.02.12:976][824]LogModuleManager: Shutting down and abandoning module AndroidRuntimeSettings (174)
[2016.02.02-17.02.12:976][824]LogModuleManager: Shutting down and abandoning module MergeActors (173)
[2016.02.02-17.02.12:976][824]LogModuleManager: Shutting down and abandoning module SizeMap (172)
[2016.02.02-17.02.12:976][824]LogModuleManager: Shutting down and abandoning module TreeMap (171)
[2016.02.02-17.02.12:976][824]LogModuleManager: Shutting down and abandoning module ReferenceViewer (170)
[2016.02.02-17.02.12:976][824]LogModuleManager: Shutting down and abandoning module LocalizationService (169)
[2016.02.02-17.02.12:976][824]LogModuleManager: Shutting down and abandoning module LocalizationDashboard (168)
[2016.02.02-17.02.12:976][824]LogModuleManager: Shutting down and abandoning module HardwareTargeting (167)
[2016.02.02-17.02.12:976][824]LogModuleManager: Shutting down and abandoning module DeviceProfileEditor (166)
[2016.02.02-17.02.12:976][824]LogModuleManager: Shutting down and abandoning module UndoHistory (165)
[2016.02.02-17.02.12:976][824]LogModuleManager: Shutting down and abandoning module UserFeedback (164)
[2016.02.02-17.02.12:976][824]LogModuleManager: Shutting down and abandoning module XmlParser (163)
[2016.02.02-17.02.12:976][824]LogModuleManager: Shutting down and abandoning module Blutility (162)
[2016.02.02-17.02.12:976][824]LogModuleManager: Shutting down and abandoning module ProjectTargetPlatformEditor (161)
[2016.02.02-17.02.12:976][824]LogModuleManager: Shutting down and abandoning module ProjectSettingsViewer (160)
[2016.02.02-17.02.12:976][824]LogModuleManager: Shutting down and abandoning module InputBindingEditor (159)
[2016.02.02-17.02.12:977][824]LogModuleManager: Shutting down and abandoning module EditorSettingsViewer (158)
[2016.02.02-17.02.12:977][824]LogModuleManager: Shutting down and abandoning module SettingsEditor (157)
[2016.02.02-17.02.12:977][824]LogModuleManager: Shutting down and abandoning module ProjectLauncher (156)
[2016.02.02-17.02.12:977][824]LogModuleManager: Shutting down and abandoning module SessionFrontend (155)
[2016.02.02-17.02.12:977][824]LogModuleManager: Shutting down and abandoning module ProfilerClient (154)
[2016.02.02-17.02.12:977][824]LogModuleManager: Shutting down and abandoning module TargetDeviceServices (153)
[2016.02.02-17.02.12:977][824]LogModuleManager: Shutting down and abandoning module DeviceManager (152)
[2016.02.02-17.02.13:021][824]LogModuleManager: Shutting down and abandoning module AutomationController (151)
[2016.02.02-17.02.13:021][824]LogModuleManager: Shutting down and abandoning module AutomationWindow (150)
[2016.02.02-17.02.13:021][824]LogModuleManager: Shutting down and abandoning module Layers (149)
[2016.02.02-17.02.13:021][824]LogModuleManager: Shutting down and abandoning module ComponentVisualizers (148)
[2016.02.02-17.02.13:021][824]LogModuleManager: Shutting down and abandoning module DetailCustomizations (147)
[2016.02.02-17.02.13:021][824]LogModuleManager: Shutting down and abandoning module PackagesDialog (146)
[2016.02.02-17.02.13:021][824]LogModuleManager: Shutting down and abandoning module Persona (145)
[2016.02.02-17.02.13:021][824]LogModuleManager: Shutting down and abandoning module Kismet (144)
[2016.02.02-17.02.13:021][824]LogModuleManager: Shutting down and abandoning module GraphEditor (143)
[2016.02.02-17.02.13:021][824]LogModuleManager: Shutting down and abandoning module ClassViewer (142)
[2016.02.02-17.02.13:021][824]LogModuleManager: Shutting down and abandoning module Toolbox (141)
[2016.02.02-17.02.13:021][824]LogModuleManager: Shutting down and abandoning module ModuleUI (140)
[2016.02.02-17.02.13:021][824]LogModuleManager: Shutting down and abandoning module MovieSceneTools (139)
[2016.02.02-17.02.13:021][824]LogModuleManager: Shutting down and abandoning module OutputLog (138)
[2016.02.02-17.02.13:021][824]LogModuleManager: Shutting down and abandoning module GammaUI (137)
[2016.02.02-17.02.13:021][824]LogModuleManager: Shutting down and abandoning module Documentation (136)
[2016.02.02-17.02.13:021][824]LogModuleManager: Shutting down and abandoning module StreamingPauseRendering (135)
[2016.02.02-17.02.13:021][824]LogModuleManager: Shutting down and abandoning module AnalyticsET (134)
[2016.02.02-17.02.13:021][824]LogModuleManager: Shutting down and abandoning module Analytics (133)
[2016.02.02-17.02.13:021][824]LogModuleManager: Shutting down and abandoning module PortalServices (132)
[2016.02.02-17.02.13:021][824]LogModuleManager: Shutting down and abandoning module PortalRpc (131)
[2016.02.02-17.02.13:021][824]LogModuleManager: Shutting down and abandoning module MessagingRpc (130)
[2016.02.02-17.02.13:021][824]LogModuleManager: Shutting down and abandoning module AITestSuite (129)
[2016.02.02-17.02.13:021][824]LogModuleManager: Shutting down and abandoning module GameplayDebugger (128)
[2016.02.02-17.02.13:021][824]LogModuleManager: Shutting down and abandoning module AIModule (127)
[2016.02.02-17.02.13:021][824]LogModuleManager: Shutting down and abandoning module ProfilerService (126)
[2016.02.02-17.02.13:070][824]LogModuleManager: Shutting down and abandoning module TaskGraph (125)
[2016.02.02-17.02.13:070][824]LogModuleManager: Shutting down and abandoning module SlateRemote (124)
[2016.02.02-17.02.13:070][824]LogModuleManager: Shutting down and abandoning module SteamVRController (123)
[2016.02.02-17.02.13:070][824]LogModuleManager: Shutting down and abandoning module SteamVR (122)
[2016.02.02-17.02.13:070][824]LogModuleManager: Shutting down and abandoning module ProceduralMeshComponent (121)
[2016.02.02-17.02.13:070][824]LogModuleManager: Shutting down and abandoning module OculusLibrary (120)
[2016.02.02-17.02.13:070][824]LogModuleManager: Shutting down and abandoning module OculusInput (119)
[2016.02.02-17.02.13:070][824]LogModuleManager: Shutting down and abandoning module LeapMotionController (118)
[2016.02.02-17.02.13:088][824]LogModuleManager: Shutting down and abandoning module CustomMeshComponent (117)
[2016.02.02-17.02.13:088][824]LogModuleManager: Shutting down and abandoning module CableComponent (116)
[2016.02.02-17.02.13:088][824]LogModuleManager: Shutting down and abandoning module ArchVisCharacter (115)
[2016.02.02-17.02.13:088][824]LogModuleManager: Shutting down and abandoning module MediaPlayerEditor (114)
[2016.02.02-17.02.13:088][824]LogModuleManager: Shutting down and abandoning module HTML5Networking (113)
[2016.02.02-17.02.13:088][824]LogModuleManager: Shutting down and abandoning module SpeedTreeImporter (112)
[2016.02.02-17.02.13:088][824]LogModuleManager: Shutting down and abandoning module PluginBrowser (111)
[2016.02.02-17.02.13:088][824]LogModuleManager: Shutting down and abandoning module EpicSurvey (110)
[2016.02.02-17.02.13:106][824]LogModuleManager: Shutting down and abandoning module DesktopPlatform (109)
[2016.02.02-17.02.13:107][824]LogModuleManager: Shutting down and abandoning module VisualStudioSourceCodeAccess (108)
[2016.02.02-17.02.13:107][824]LogModuleManager: Shutting down and abandoning module UObjectPlugin (107)
[2016.02.02-17.02.13:107][824]LogModuleManager: Shutting down and abandoning module SubversionSourceControl (106)
[2016.02.02-17.02.13:107][824]LogModuleManager: Shutting down and abandoning module PerforceSourceControl (105)
[2016.02.02-17.02.13:107][824]LogModuleManager: Shutting down and abandoning module SourceControl (104)
[2016.02.02-17.02.13:107][824]LogModuleManager: Shutting down and abandoning module GitSourceControl (103)
[2016.02.02-17.02.13:107][824]LogModuleManager: Shutting down and abandoning module LightPropagationVolumeEditor (102)
[2016.02.02-17.02.13:107][824]LogModuleManager: Shutting down and abandoning module PaperTiledImporter (101)
[2016.02.02-17.02.13:107][824]LogModuleManager: Shutting down and abandoning module PaperSpriteSheetImporter (100)
[2016.02.02-17.02.13:107][824]LogModuleManager: Shutting down and abandoning module MeshPaint (99)
[2016.02.02-17.02.13:107][824]LogModuleManager: Shutting down and abandoning module HotReload (98)
[2016.02.02-17.02.13:107][824]LogModuleManager: Shutting down and abandoning module MainFrame (97)
[2016.02.02-17.02.13:107][824]LogModuleManager: Shutting down and abandoning module LevelEditor (96)
[2016.02.02-17.02.13:108][824]LogModuleManager: Shutting down and abandoning module DirectoryWatcher (95)
[2016.02.02-17.02.13:109][824]LogModuleManager: Shutting down and abandoning module AssetRegistry (94)
[2016.02.02-17.02.13:295][824]LogModuleManager: Shutting down and abandoning module ContentBrowser (93)
[2016.02.02-17.02.13:295][824]LogModuleManager: Shutting down and abandoning module Paper2DEditor (92)
[2016.02.02-17.02.13:295][824]LogModuleManager: Shutting down and abandoning module UdpMessaging (91)
[2016.02.02-17.02.13:396][824]LogModuleManager: Shutting down and abandoning module LightPropagationVolumeRuntime (90)
[2016.02.02-17.02.13:396][824]LogModuleManager: Shutting down and abandoning module Paper2D (89)
[2016.02.02-17.02.13:396][824]LogModuleManager: Shutting down and abandoning module WindowsMoviePlayer (88)
[2016.02.02-17.02.13:396][824]LogModuleManager: Shutting down and abandoning module Media (87)
[2016.02.02-17.02.13:396][824]LogModuleManager: Shutting down and abandoning module WmfMedia (86)
[2016.02.02-17.02.13:396][824]LogModuleManager: Shutting down and abandoning module GameLiveStreaming (85)
[2016.02.02-17.02.13:396][824]LogModuleManager: Shutting down and abandoning module GameplayTagsEditor (84)
[2016.02.02-17.02.13:396][824]LogModuleManager: Shutting down and abandoning module OnlineBlueprintSupport (83)
[2016.02.02-17.02.13:396][824]LogModuleManager: Shutting down and abandoning module GameplayTasksEditor (82)
[2016.02.02-17.02.13:396][824]LogModuleManager: Shutting down and abandoning module PropertyEditor (81)
[2016.02.02-17.02.13:396][824]LogModuleManager: Shutting down and abandoning module BehaviorTreeEditor (80)
[2016.02.02-17.02.13:396][824]LogModuleManager: Shutting down and abandoning module FunctionalTesting (79)
[2016.02.02-17.02.13:396][824]LogModuleManager: Shutting down and abandoning module CollisionAnalyzer (78)
[2016.02.02-17.02.13:396][824]LogModuleManager: Shutting down and abandoning module WorkspaceMenuStructure (77)
[2016.02.02-17.02.13:396][824]LogModuleManager: Shutting down and abandoning module MessageLog (76)
[2016.02.02-17.02.13:396][824]LogModuleManager: Shutting down and abandoning module Sequencer (75)
[2016.02.02-17.02.13:396][824]LogModuleManager: Shutting down and abandoning module AssetTools (74)
[2016.02.02-17.02.13:396][824]LogModuleManager: Shutting down and abandoning module UMGEditor (73)
[2016.02.02-17.02.13:396][824]LogModuleManager: Shutting down and abandoning module UMG (72)
[2016.02.02-17.02.13:396][824]LogModuleManager: Shutting down and abandoning module SlateReflector (71)
[2016.02.02-17.02.13:396][824]LogModuleManager: Shutting down and abandoning module Slate (70)
[2016.02.02-17.02.13:396][824]LogModuleManager: Shutting down and abandoning module EditorStyle (69)
[2016.02.02-17.02.13:398][824]LogModuleManager: Shutting down and abandoning module SessionServices (68)
[2016.02.02-17.02.13:398][824]LogModuleManager: Shutting down and abandoning module SourceCodeAccess (67)
[2016.02.02-17.02.13:398][824]LogModuleManager: Shutting down and abandoning module HeadMountedDisplay (66)
[2016.02.02-17.02.13:398][824]LogModuleManager: Shutting down and abandoning module XAudio2 (65)
[2016.02.02-17.02.13:398][824]LogModuleManager: Shutting down and abandoning module Networking (63)
[2016.02.02-17.02.13:398][824]LogModuleManager: Shutting down and abandoning module Core (62)
[2016.02.02-17.02.13:398][824]LogModuleManager: Shutting down and abandoning module KismetCompiler (61)
[2016.02.02-17.02.13:398][824]LogModuleManager: Shutting down and abandoning module PhysXFormats (60)
[2016.02.02-17.02.13:398][824]LogModuleManager: Shutting down and abandoning module MeshUtilities (59)
[2016.02.02-17.02.13:398][824]LogModuleManager: Shutting down and abandoning module CookingStats (58)
[2016.02.02-17.02.13:398][824]LogModuleManager: Shutting down and abandoning module DerivedDataCache (57)
[2016.02.02-17.02.13:398][824]LogDerivedDataCache: Shutdown
[2016.02.02-17.02.13:398][824]LogModuleManager: Shutting down and abandoning module ShaderFormatOpenGL (56)
[2016.02.02-17.02.13:398][824]LogModuleManager: Shutting down and abandoning module ShaderFormatD3D (55)
[2016.02.02-17.02.13:398][824]LogModuleManager: Shutting down and abandoning module MetalShaderFormat (54)
[2016.02.02-17.02.13:398][824]LogModuleManager: Shutting down and abandoning module TextureFormatUncompressed (53)
[2016.02.02-17.02.13:398][824]LogModuleManager: Shutting down and abandoning module TextureFormatPVR (52)
[2016.02.02-17.02.13:398][824]LogModuleManager: Shutting down and abandoning module TextureFormatIntelISPCTexComp (51)
[2016.02.02-17.02.13:398][824]LogModuleManager: Shutting down and abandoning module TextureFormatDXT (50)
[2016.02.02-17.02.13:398][824]LogModuleManager: Shutting down and abandoning module ImageWrapper (49)
[2016.02.02-17.02.13:398][824]LogModuleManager: Shutting down and abandoning module TextureFormatASTC (48)
[2016.02.02-17.02.13:398][824]LogModuleManager: Shutting down and abandoning module TextureFormatAndroid (47)
[2016.02.02-17.02.13:398][824]LogModuleManager: Shutting down and abandoning module AudioFormatOpus (46)
[2016.02.02-17.02.13:398][824]LogModuleManager: Shutting down and abandoning module AudioFormatOgg (45)
[2016.02.02-17.02.13:398][824]LogModuleManager: Shutting down and abandoning module AudioFormatADPCM (44)
[2016.02.02-17.02.13:398][824]LogModuleManager: Shutting down and abandoning module LinuxTargetPlatform (43)
[2016.02.02-17.02.13:398][824]LogModuleManager: Shutting down and abandoning module LinuxServerTargetPlatform (42)
[2016.02.02-17.02.13:398][824]LogModuleManager: Shutting down and abandoning module LinuxNoEditorTargetPlatform (41)
[2016.02.02-17.02.13:398][824]LogModuleManager: Shutting down and abandoning module TVOSTargetPlatform (40)
[2016.02.02-17.02.13:398][824]LogModuleManager: Shutting down and abandoning module Messaging (39)
[2016.02.02-17.02.13:398][824]LogModuleManager: Shutting down and abandoning module IOSTargetPlatform (38)
[2016.02.02-17.02.13:398][824]LogModuleManager: Shutting down and abandoning module HTML5TargetPlatform (37)
[2016.02.02-17.02.13:398][824]LogModuleManager: Shutting down and abandoning module Android_PVRTCTargetPlatform (36)
[2016.02.02-17.02.13:398][824]LogModuleManager: Shutting down and abandoning module Android_MultiTargetPlatform (35)
[2016.02.02-17.02.13:398][824]LogModuleManager: Shutting down and abandoning module Android_ETC2TargetPlatform (34)
[2016.02.02-17.02.13:398][824]LogModuleManager: Shutting down and abandoning module Android_ETC1TargetPlatform (33)
[2016.02.02-17.02.13:398][824]LogModuleManager: Shutting down and abandoning module Android_DXTTargetPlatform (32)
[2016.02.02-17.02.13:398][824]LogModuleManager: Shutting down and abandoning module Android_ATCTargetPlatform (31)
[2016.02.02-17.02.13:398][824]LogModuleManager: Shutting down and abandoning module Android_ASTCTargetPlatform (30)
[2016.02.02-17.02.13:398][824]LogModuleManager: Shutting down and abandoning module AndroidTargetPlatform (29)
[2016.02.02-17.02.13:398][824]LogModuleManager: Shutting down and abandoning module WindowsTargetPlatform (28)
[2016.02.02-17.02.13:398][824]LogModuleManager: Shutting down and abandoning module WindowsServerTargetPlatform (27)
[2016.02.02-17.02.13:398][824]LogModuleManager: Shutting down and abandoning module WindowsNoEditorTargetPlatform (26)
[2016.02.02-17.02.13:398][824]LogModuleManager: Shutting down and abandoning module WindowsClientTargetPlatform (25)
[2016.02.02-17.02.13:398][824]LogModuleManager: Shutting down and abandoning module AllDesktopTargetPlatform (24)
[2016.02.02-17.02.13:398][824]LogModuleManager: Shutting down and abandoning module TargetPlatform (23)
[2016.02.02-17.02.13:398][824]LogModuleManager: Shutting down and abandoning module InputCore (22)
[2016.02.02-17.02.13:398][824]LogModuleManager: Shutting down and abandoning module Settings (21)
[2016.02.02-17.02.13:398][824]LogModuleManager: Shutting down and abandoning module OnlineSubsystem (19)
[2016.02.02-17.02.13:398][824]LogModuleManager: Shutting down and abandoning module HTTP (18)
[2016.02.02-17.02.15:400][824]LogModuleManager: Shutting down and abandoning module XMPP (17)
[2016.02.02-17.02.15:400][824]LogModuleManager: Shutting down and abandoning module OculusRift (16)
[2016.02.02-17.02.15:400][824]LogModuleManager: Shutting down and abandoning module ExampleDeviceProfileSelector (15)
[2016.02.02-17.02.15:400][824]LogModuleManager: Shutting down and abandoning module TextureCompressor (14)
[2016.02.02-17.02.15:400][824]LogModuleManager: Shutting down and abandoning module ShaderCore (13)
[2016.02.02-17.02.15:400][824]LogModuleManager: Shutting down and abandoning module Landscape (12)
[2016.02.02-17.02.15:400][824]LogModuleManager: Shutting down and abandoning module SlateRHIRenderer (11)
[2016.02.02-17.02.15:401][824]LogModuleManager: Shutting down and abandoning module OpenGLDrv (10)
[2016.02.02-17.02.15:401][824]LogModuleManager: Shutting down and abandoning module D3D11RHI (9)
[2016.02.02-17.02.15:401][824]LogModuleManager: Shutting down and abandoning module AnimGraphRuntime (8)
[2016.02.02-17.02.15:401][824]LogModuleManager: Shutting down and abandoning module Renderer (7)
[2016.02.02-17.02.15:401][824]LogModuleManager: Shutting down and abandoning module Engine (6)
[2016.02.02-17.02.15:401][824]LogModuleManager: Shutting down and abandoning module CoreUObject (5)
[2016.02.02-17.02.15:401][824]LogModuleManager: Shutting down and abandoning module NetworkFile (4)
[2016.02.02-17.02.15:401][824]LogModuleManager: Shutting down and abandoning module StreamingFile (3)
[2016.02.02-17.02.15:402][824]LogModuleManager: Shutting down and abandoning module SandboxFile (2)
[2016.02.02-17.02.15:402][824]LogModuleManager: Shutting down and abandoning module PakFile (1)
[2016.02.02-17.02.15:403][824]LogExit: Exiting.
[2016.02.02-17.02.15:415][824]Log file closed, 02/02/16 15:02:15
