Log file open, 02/02/16 15:05:15
LogInit:Display: Running engine for game: HelloWorld
LogPlatformFile: Not using cached read wrapper
LogInit:Display: RandInit(-636826728) SRandInit(-636826724).
LogTaskGraph: Started task graph with 4 named threads and 7 total threads.
LogStats: Stats thread started at 0.073856
LogHMD: Can't find Oculus library dev build: is proper Runtime installed? Version: 0.8.0.0
LogInit: Version: 4.11.0-2843242+++UE4+Release-4.11
LogInit: API Version: 2843242
LogInit: Compiled (64-bit): Jan 26 2016 02:13:53
LogInit: Compiled with Visual C++: 19.00.23026.00
LogInit: Build Configuration: Development
LogInit: Branch Name: ++UE4+Release-4.11
LogInit: Command line: 
LogInit: Base directory: C:/Program Files/Epic Games/4.11/Engine/Binaries/Win64/
LogInit: Installed Engine Build: 1
LogInit: Using libcurl 7.41.0
LogInit:  - built for x86_64-pc-win32
LogInit:  - supports SSL with WinSSL
LogInit:  - other features:
LogInit:      CURL_VERSION_SSL
LogInit:      CURL_VERSION_IPV6
LogInit:      CURL_VERSION_ASYNCHDNS
LogInit:      CURL_VERSION_LARGEFILE
LogInit:      CURL_VERSION_IDN
LogInit:  CurlRequestOptions (configurable via config and command line):
LogInit:  - bVerifyPeer = true  - Libcurl will verify peer certificate
LogInit:  - bUseHttpProxy = false  - Libcurl will NOT use HTTP proxy
LogInit:  - bDontReuseConnections = false  - Libcurl will reuse connections
LogInit:  - CertBundlePath = nullptr  - Libcurl will use whatever was configured at build time.
LogInit: Presizing for max 16777216 objects, including 0 objects not considered by GC, pre-allocating 0 bytes for permanent pool.
LogInit: Object subsystem initialized
[2016.02.02-17.05.15:519][  0]LogInit: Selected Device Profile: [Windows]
[2016.02.02-17.05.15:519][  0]LogInit: Applying CVar settings loaded from the selected device profile: [Windows]
[2016.02.02-17.05.15:527][  0]LogInit: Computer: GABRIEL-PC
[2016.02.02-17.05.15:527][  0]LogInit: User: GabrielJordão
[2016.02.02-17.05.15:527][  0]LogInit: CPU Page size=65536, Cores=4
[2016.02.02-17.05.15:527][  0]LogInit: High frequency timer resolution =3.513590 MHz
[2016.02.02-17.05.15:527][  0]LogMemory: Memory total: Physical=15.9GB (16GB approx)
[2016.02.02-17.05.15:527][  0]LogMemory: Platform Memory Stats for Windows
[2016.02.02-17.05.15:527][  0]LogMemory: Process Physical Memory: 314.25 MB used, 314.25 MB peak
[2016.02.02-17.05.15:527][  0]LogMemory: Process Virtual Memory: 314.92 MB used, 314.92 MB peak
[2016.02.02-17.05.15:527][  0]LogMemory: Physical Memory: 5925.38 MB used, 16325.27 MB total
[2016.02.02-17.05.15:527][  0]LogMemory: Virtual Memory: 655.23 MB used, 134217728.00 MB total
[2016.02.02-17.05.15:554][  0]LogTextLocalizationManager: No specific translations for ('en-US') exist, so ('en') translations will be used.
[2016.02.02-17.05.15:894][  0]LogD3D11RHI: D3D11 adapters:
[2016.02.02-17.05.15:915][  0]LogD3D11RHI:    0. 'NVIDIA GeForce GTX 760' (Feature Level 11_0)
[2016.02.02-17.05.15:915][  0]LogD3D11RHI:       1989MB of dedicated video memory, 0MB of dedicated system memory, and 8162MB of shared system memory, 2 output[s]
[2016.02.02-17.05.15:916][  0]LogD3D11RHI:    1. 'Microsoft Basic Render Driver' (Feature Level 11_0)
[2016.02.02-17.05.15:916][  0]LogD3D11RHI:       0MB of dedicated video memory, 0MB of dedicated system memory, and 8162MB of shared system memory, 0 output[s]
[2016.02.02-17.05.15:916][  0]LogD3D11RHI: Chosen D3D11 Adapter: 0
[2016.02.02-17.05.15:919][  0]LogD3D11RHI: Creating new Direct3DDevice
[2016.02.02-17.05.15:919][  0]LogD3D11RHI:     Adapter Name: NVIDIA GeForce GTX 760
[2016.02.02-17.05.15:919][  0]LogD3D11RHI:   Driver Version: 10.18.13.6175 (internal 10.18.13.6175)
[2016.02.02-17.05.15:919][  0]LogD3D11RHI:      Driver Date: 1-22-2016
[2016.02.02-17.05.15:919][  0]LogRHI: Texture pool is 1361 MB (70% of 1945 MB)
[2016.02.02-17.05.15:929][  0]LogD3D11RHI: Async texture creation enabled
[2016.02.02-17.05.15:944][  0]LogShaderCompilers: Guid format shader working directory is -31 characters bigger than the processId version (../../../../../../Users/Gabriel Jordão/Documents/ue-course/lecture-7/HelloWorld/Intermediate/Shaders/WorkingDirectory/13024/).
[2016.02.02-17.05.15:944][  0]LogShaderCompilers: Cleaned the shader compiler working directory 'C:/Users/GABRIE~1/AppData/Local/Temp/UnrealShaderWorkingDir/B6DD9B5E410B9A39086DAB8A73273116/'.
[2016.02.02-17.05.15:944][  0]LogShaderCompilers:Display: Using Local Shader Compiler.
[2016.02.02-17.05.16:723][  0]LogTemp:Display: Loaded TP AllDesktopTargetPlatform
[2016.02.02-17.05.16:727][  0]LogTemp:Display: Loaded TP WindowsClientTargetPlatform
[2016.02.02-17.05.16:731][  0]LogTemp:Display: Loaded TP WindowsNoEditorTargetPlatform
[2016.02.02-17.05.16:736][  0]LogTemp:Display: Loaded TP WindowsServerTargetPlatform
[2016.02.02-17.05.16:740][  0]LogTemp:Display: Loaded TP WindowsTargetPlatform
[2016.02.02-17.05.16:742][  0]LogTemp:Display: Loaded TP AndroidTargetPlatform
[2016.02.02-17.05.16:745][  0]LogTemp:Display: Loaded TP Android_ASTCTargetPlatform
[2016.02.02-17.05.16:747][  0]LogTemp:Display: Loaded TP Android_ATCTargetPlatform
[2016.02.02-17.05.16:750][  0]LogTemp:Display: Loaded TP Android_DXTTargetPlatform
[2016.02.02-17.05.16:752][  0]LogTemp:Display: Loaded TP Android_ETC1TargetPlatform
[2016.02.02-17.05.16:755][  0]LogTemp:Display: Loaded TP Android_ETC2TargetPlatform
[2016.02.02-17.05.16:760][  0]LogTemp:Display: Loaded TP Android_MultiTargetPlatform
[2016.02.02-17.05.16:760][  0]LogTemp:Display: Loaded TP Android_PVRTCTargetPlatform
[2016.02.02-17.05.16:760][  0]LogTemp:Display: Loaded TP HTML5TargetPlatform
[2016.02.02-17.05.16:777][  0]LogTemp:Display: Loaded TP IOSTargetPlatform
[2016.02.02-17.05.16:779][  0]LogTemp:Display: Loaded TP TVOSTargetPlatform
[2016.02.02-17.05.16:781][  0]LogTemp:Display: Loaded TP LinuxNoEditorTargetPlatform
[2016.02.02-17.05.16:784][  0]LogTemp:Display: Loaded TP LinuxServerTargetPlatform
[2016.02.02-17.05.16:786][  0]LogTemp:Display: Loaded TP LinuxTargetPlatform
[2016.02.02-17.05.16:786][  0]LogTargetPlatformManager:Display: Building Assets For Windows
[2016.02.02-17.05.16:871][  0]LogDerivedDataCache:Display: Max Cache Size: 512 MB
[2016.02.02-17.05.16:912][  0]LogDerivedDataCache: Loaded boot cache 0.04s 47MB C:/Users/Gabriel Jordão/AppData/Local/UnrealEngine/4.11/DerivedDataCache/Boot.ddc.
[2016.02.02-17.05.16:912][  0]LogDerivedDataCache:Display: Loaded Boot cache: C:/Users/Gabriel Jordão/AppData/Local/UnrealEngine/4.11/DerivedDataCache/Boot.ddc
[2016.02.02-17.05.16:912][  0]LogDerivedDataCache: FDerivedDataBackendGraph:  Pak pak cache file ../../../../../../Users/Gabriel Jordão/Documents/ue-course/lecture-7/HelloWorld/DerivedDataCache/DDC.ddp not found, will not use a pak cache.
[2016.02.02-17.05.16:912][  0]LogDerivedDataCache: Unable to find inner node Pak for hierarchical cache Hierarchy.
[2016.02.02-17.05.16:912][  0]LogDerivedDataCache: FDerivedDataBackendGraph:  CompressedPak pak cache file ../../../../../../Users/Gabriel Jordão/Documents/ue-course/lecture-7/HelloWorld/DerivedDataCache/Compressed.ddp not found, will not use a pak cache.
[2016.02.02-17.05.16:912][  0]LogDerivedDataCache: Unable to find inner node CompressedPak for hierarchical cache Hierarchy.
[2016.02.02-17.05.16:924][  0]LogDerivedDataCache:Display: Pak cache opened for reading ../../../Engine/DerivedDataCache/Compressed.ddp.
[2016.02.02-17.05.16:936][  0]LogDerivedDataCache: Using Local data cache path C:/Users/Gabriel Jordão/AppData/Local/UnrealEngine/Common/DerivedDataCache: Writable
[2016.02.02-17.05.17:075][  0]LogInit: Selected Device Profile: [Windows]
[2016.02.02-17.05.17:076][  0]LogContentStreaming: Texture pool size is 0.00 MB
[2016.02.02-17.05.17:102][  0]LogMaterial: Uniform references updated for custom material expression Custom.
[2016.02.02-17.05.17:204][  0]LogMeshUtilities: No automatic mesh reduction module available
[2016.02.02-17.05.17:204][  0]LogMeshUtilities: No automatic mesh merging module available
[2016.02.02-17.05.17:204][  0]LogMeshUtilities: No distributed automatic mesh merging module available
[2016.02.02-17.05.17:395][  0]LogInit: WinSock: version 1.1 (2.2), MaxSocks=32767, MaxUdp=65467
[2016.02.02-17.05.17:474][  0]LogSlate: SlateFontCache - WITH_FREETYPE: 1, WITH_HARFBUZZ: 1
[2016.02.02-17.05.17:474][  0]LogSlate: SlateFontCache - WITH_FREETYPE: 1, WITH_HARFBUZZ: 1
[2016.02.02-17.05.17:549][  0]LogStreaming:Warning: Failed to read file '../../../Engine/Content/Editor/Slate/Common/Selection_16x.png' error.
[2016.02.02-17.05.17:549][  0]LogSlate: Could not find file for Slate resource: ../../../Engine/Content/Editor/Slate/Common/Selection_16x.png
[2016.02.02-17.05.17:549][  0]LogStreaming:Warning: Failed to read file '../../../Engine/Content/Editor/Slate/Common/Selection_16x.png' error.
[2016.02.02-17.05.17:549][  0]LogSlate: Could not find file for Slate resource: ../../../Engine/Content/Editor/Slate/Common/Selection_16x.png
[2016.02.02-17.05.17:549][  0]LogStreaming:Warning: Failed to read file '../../../Engine/Content/Editor/Slate/Common/Selection_16x.png' error.
[2016.02.02-17.05.17:549][  0]LogSlate: Could not find file for Slate resource: ../../../Engine/Content/Editor/Slate/Common/Selection_16x.png
[2016.02.02-17.05.18:000][  0]LogUdpMessaging: Initializing bridge on interface 0.0.0.0:0 to multicast group 230.0.0.1:6666.
[2016.02.02-17.05.18:106][  0]LogAssetRegistry: FAssetRegistry took 0.0223 seconds to start up
[2016.02.02-17.05.18:229][  0]SourceControl: Info Source control is disabled
[2016.02.02-17.05.18:251][  0]SourceControl: Info Source control is disabled
[2016.02.02-17.05.18:260][  0]SourceControl: Info Source control is disabled
[2016.02.02-17.05.18:268][  0]SourceControl: Info Source control is disabled
[2016.02.02-17.05.18:441][  0]LogObj: 29987 objects as part of root set at end of initial load.
[2016.02.02-17.05.18:441][  0]LogUObjectAllocator: 6399080 out of 0 bytes used by permanent object pool.
[2016.02.02-17.05.19:345][  0]LogEngine: Initializing Engine...
[2016.02.02-17.05.19:346][  0]LogHMD: SteamVR failed to initialize.  Err: 110
[2016.02.02-17.05.19:454][  0]LogAIModule: Creating AISystem for world NewWorld
[2016.02.02-17.05.19:464][  0]LogInit: XAudio2 using 'Speakers (Realtek High Definition Audio)' : 2 channels at 48 kHz using 32 bits per sample (channel mask 0x3)
[2016.02.02-17.05.19:472][  0]LogInit: FAudioDevice initialized.
[2016.02.02-17.05.19:493][  0]LogDerivedDataCache: Saved boot cache 0.02s 47MB C:/Users/Gabriel Jordão/AppData/Local/UnrealEngine/4.11/DerivedDataCache/Boot.ddc.
[2016.02.02-17.05.19:498][  0]LogInit: Texture streaming: Enabled
[2016.02.02-17.05.19:518][  0]LogInit: Transaction tracking system initialized
[2016.02.02-17.05.19:542][  0]BlueprintLog: New page: Editor Load
[2016.02.02-17.05.19:611][  0]LocalizationService: Info Localization service is disabled
[2016.02.02-17.05.19:674][  0]LogConsoleResponse:Display: 
[2016.02.02-17.05.19:752][  0]LogCook:Display: Max memory allowance for cook 8192mb
[2016.02.02-17.05.19:752][  0]LogCook:Display: Mobile HDR setting 1
[2016.02.02-17.05.19:752][  0]LogCook:Display: Done creating registry. It took  0.00s.
[2016.02.02-17.05.19:797][  0]LogFileCache: Scanning file cache for directory 'C:/Users/Gabriel Jordão/Documents/ue-course/lecture-7/HelloWorld/Content/' took 0.01s
[2016.02.02-17.05.19:797][  0]SourceControl: Info Source control is disabled
[2016.02.02-17.05.19:797][  0]Cmd: MAP LOAD FILE="../../../../../../Users/Gabriel Jordão/Documents/ue-course/lecture-7/HelloWorld/Content/HelloWorld.umap" TEMPLATE=0 SHOWPROGRESS=1 FEATURELEVEL=3
[2016.02.02-17.05.19:798][  0]LightingResults: New page: Lighting Build
[2016.02.02-17.05.19:801][  0]MapCheck: New page: Map Check
[2016.02.02-17.05.19:801][  0]LightingResults: New page: Lighting Build
[2016.02.02-17.05.19:973][  0]LogAIModule: Creating AISystem for world HelloWorld
[2016.02.02-17.05.19:976][  0]LogEditorServer: Finished looking for orphan Actors (0.000 secs)
[2016.02.02-17.05.19:976][  0]Cmd: MAP CHECKDEP NOCLEARLOG
[2016.02.02-17.05.20:002][  0]MapCheck: Info Map check complete: 0 Error(s), 0 Warning(s), took 26.11ms to complete.
[2016.02.02-17.05.20:002][  0]LogFileHelpers: Loading map 'HelloWorld' took 0.204
[2016.02.02-17.05.20:114][  0]LogCollectionManager: Loaded 0 collections in 0.002459 seconds
[2016.02.02-17.05.20:155][  0]LogFileCache: Scanning file cache for directory 'C:/Users/Gabriel Jordão/Documents/ue-course/lecture-7/HelloWorld/Saved/Collections/' took 0.01s
[2016.02.02-17.05.20:155][  0]LogFileCache: Scanning file cache for directory 'C:/Users/Gabriel Jordão/Documents/ue-course/lecture-7/HelloWorld/Content/Developers/GabrielJordão/Collections/' took 0.01s
[2016.02.02-17.05.20:155][  0]LogFileCache: Scanning file cache for directory 'C:/Users/Gabriel Jordão/Documents/ue-course/lecture-7/HelloWorld/Content/Collections/' took 0.01s
[2016.02.02-17.05.20:155][  0]LogCollectionManager: Rebuilt the GUID cache for 0 collections in 0.000002 seconds
[2016.02.02-17.05.20:160][  0]LogContentBrowser: Native class hierarchy populated in 0.0055 seconds. Added 1984 classes and 346 folders.
[2016.02.02-17.05.20:165][  0]LogStats: UGameplayTagsManager::ConstructGameplayTagTree: Construct from data asset -  0.000 s
[2016.02.02-17.05.20:165][  0]LogStats: UGameplayTagsManager::ConstructGameplayTagTree: GameplayTagTreeChangedEvent.Broadcast -  0.000 s
[2016.02.02-17.05.20:165][  0]LogContentBrowser: Native class hierarchy updated for 'GameplayTags' in 0.0005 seconds. Added 12 classes and 0 folders.
[2016.02.02-17.05.20:171][  0]LogContentBrowser: Native class hierarchy updated for 'WidgetCarousel' in 0.0003 seconds. Added 0 classes and 0 folders.
[2016.02.02-17.05.20:201][  0]LogContentBrowser: Native class hierarchy updated for 'AddContentDialog' in 0.0003 seconds. Added 0 classes and 0 folders.
[2016.02.02-17.05.20:204][  0]LogContentBrowser: Native class hierarchy updated for 'SceneOutliner' in 0.0002 seconds. Added 1 classes and 2 folders.
[2016.02.02-17.05.20:219][  0]LogCrashTracker: Crashtracker disabled due to settings.
[2016.02.02-17.05.20:267][  0]LogContentBrowser: Native class hierarchy updated for 'HierarchicalLODOutliner' in 0.0003 seconds. Added 1 classes and 2 folders.
[2016.02.02-17.05.20:267][  0]LogLoad: Full Startup: 5.47 seconds (BP compile: 0.02 seconds)
[2016.02.02-17.05.20:267][  0]LogExternalProfiler: Found external profiler: VSPerf
[2016.02.02-17.05.20:267][  0]LogExternalProfiler: Using external profiler: VSPerf
[2016.02.02-17.05.20:277][  0]LogOcInput: Can't find Oculus library dev build: is proper Runtime installed? Version: 0.8.0.0
[2016.02.02-17.05.20:287][  0]LogAssetRegistry: Asset discovery search completed in 2.2034 seconds
[2016.02.02-17.05.20:287][  0]LogCollectionManager: Rebuilt the object cache for 0 collections in 0.000001 seconds (found 0 objects)
[2016.02.02-17.05.20:287][  0]LogCollectionManager: Fixed up redirectors for 0 collections in 0.000013 seconds (updated 0 objects)
[2016.02.02-17.05.20:305][  0]LogContentStreaming: Texture pool size now 1000 MB
[2016.02.02-17.05.20:426][  0]LogRenderer: Reallocating scene render targets to support 1208x576 (Frame:2).
[2016.02.02-17.05.29:136][ 25]LogActorFactory: Actor Factory created Cone
[2016.02.02-17.05.29:783][102]LogActorFactory: Actor Factory created Cone
[2016.02.02-17.05.33:586][553]LogEditorViewport: Clicking on Actor (LMB): StaticMeshActor (Cube)
[2016.02.02-17.05.35:678][793]Cmd: OBJ SAVEPACKAGE PACKAGE="/Game/HelloWorld" FILE="../../../../../../Users/Gabriel Jordão/Documents/ue-course/lecture-7/HelloWorld/Content/HelloWorld.umap" SILENT=true AUTOSAVING=false KEEPDIRTY=false
[2016.02.02-17.05.35:706][793]LogSavePackage: Save=18.72ms
[2016.02.02-17.05.35:706][793]LogSavePackage: Moving '../../../../../../Users/Gabriel Jordão/Documents/ue-course/lecture-7/HelloWorld/Saved/HelloWorldC6F8BEF1411B9215AF59DD9376DB93E0.tmp' to '../../../../../../Users/Gabriel Jordão/Documents/ue-course/lecture-7/HelloWorld/Content/HelloWorld.umap'
[2016.02.02-17.05.35:708][793]LogSavePackage: Total save time: 21.48ms
[2016.02.02-17.05.35:708][793]LogSavePackage:Display: Finished SavePackage ../../../../../../Users/Gabriel Jordão/Documents/ue-course/lecture-7/HelloWorld/Content/HelloWorld.umap
[2016.02.02-17.05.35:730][793]LogFileHelpers: Saving map 'HelloWorld' took 0.081
[2016.02.02-17.06.23:960][537]LogRenderer: Reallocating scene render targets to support 1528x576 (Frame:7649).
[2016.02.02-17.06.51:310][738]LogRenderer: Reallocating scene render targets to support 1528x688 (Frame:9969).
[2016.02.02-17.07.06:961][518]LogRenderer: Reallocating scene render targets to support 1528x924 (Frame:11514).
[2016.02.02-17.07.23:679][237]Cmd: OBJ SAVEPACKAGE PACKAGE="/Game/HelloWorld" FILE="../../../../../../Users/Gabriel Jordão/Documents/ue-course/lecture-7/HelloWorld/Content/HelloWorld.umap" SILENT=true AUTOSAVING=false KEEPDIRTY=false
[2016.02.02-17.07.23:706][237]LogSavePackage: Save=18.53ms
[2016.02.02-17.07.23:706][237]LogSavePackage: Moving '../../../../../../Users/Gabriel Jordão/Documents/ue-course/lecture-7/HelloWorld/Saved/HelloWorld213EFBC146206E49D2B35B934CD40E48.tmp' to '../../../../../../Users/Gabriel Jordão/Documents/ue-course/lecture-7/HelloWorld/Content/HelloWorld.umap'
[2016.02.02-17.07.23:708][237]LogSavePackage: Total save time: 21.68ms
[2016.02.02-17.07.23:708][237]LogSavePackage:Display: Finished SavePackage ../../../../../../Users/Gabriel Jordão/Documents/ue-course/lecture-7/HelloWorld/Content/HelloWorld.umap
[2016.02.02-17.07.23:730][237]LogFileHelpers: Saving map 'HelloWorld' took 0.084
[2016.02.02-17.08.23:306][970]LogEditorViewport: Clicking on Actor (LMB): StaticMeshActor (Sphere)
[2016.02.02-17.08.33:331][ 62]LogEditorViewport: Clicking on Actor (LMB): BP_Sky_Sphere_C (Sky Sphere)
[2016.02.02-17.09.00:072][112]LogEditorViewport: Clicking on Actor (LMB): BP_Sky_Sphere_C (Sky Sphere)
[2016.02.02-17.09.11:864][411]LogTexture:Display: Building textures: CameraActor_64x (BGRA8)
[2016.02.02-17.09.11:868][411]LogTexture:Display: Building textures: BlueprintInterface_64x (BGRA8)
[2016.02.02-17.09.11:871][411]LogTexture:Display: Building textures: BlueprintMacroLibrary_64x (BGRA8)
[2016.02.02-17.09.12:080][411]LogTexture:Display: Building textures: IOS (BGRA8)
[2016.02.02-17.09.12:088][411]LogTexture:Display: Building textures: android_Icon (BGRA8)
[2016.02.02-17.09.12:091][411]LogTexture:Display: Building textures: Paper2DFlipbook_TutorialIcon (BGRA8)
[2016.02.02-17.09.19:869][279]LogEditorViewport: Clicking on Actor (LMB): BP_Sky_Sphere_C (Sky Sphere)
[2016.02.02-17.09.20:343][323]LogEditorViewport: Clicking on Component (LMB): StaticMeshComponent (Sky Sphere mesh)
[2016.02.02-17.09.23:768][715]LogEditorViewport: Clicking on Actor (LMB): StaticMeshActor (Sphere)
[2016.02.02-17.09.24:998][848]LogEditorViewport: Clicking on Actor (LMB): BP_Sky_Sphere_C (Sky Sphere)
[2016.02.02-17.09.26:781][ 30]LogPlayLevel: PlayLevel: No blueprints needed recompiling
[2016.02.02-17.09.26:849][ 30]PIE: New page: PIE session: HelloWorld (Feb 2, 2016, 12:09:26 PM)
[2016.02.02-17.09.26:849][ 30]LogPlayLevel: Creating play world package: /Game/UEDPIE_0_HelloWorld
[2016.02.02-17.09.26:901][ 30]LogPlayLevel: PIE: StaticDuplicateObject took: (0.051940s)
[2016.02.02-17.09.26:901][ 30]LogAIModule: Creating AISystem for world HelloWorld
[2016.02.02-17.09.26:901][ 30]LogPlayLevel: PIE: World Init took: (0.000554s)
[2016.02.02-17.09.26:911][ 30]LogPlayLevel: PIE: Created PIE world by copying editor world from /Game/HelloWorld.HelloWorld to /Game/UEDPIE_0_HelloWorld.HelloWorld (0.062731s)
[2016.02.02-17.09.26:939][ 30]LogInit: XAudio2 using 'Speakers (Realtek High Definition Audio)' : 2 channels at 48 kHz using 32 bits per sample (channel mask 0x3)
[2016.02.02-17.09.26:958][ 30]LogInit: FAudioDevice initialized.
[2016.02.02-17.09.27:099][ 30]LogWorld: Game class is 'GameMode'
[2016.02.02-17.09.27:227][ 30]LogWorld: Bringing World /Game/UEDPIE_0_HelloWorld.HelloWorld up for play (max tick rate 0) at 2016.02.02-15.09.27
[2016.02.02-17.09.27:259][ 30]LogWorld: Bringing up level for play took: 0.036729
[2016.02.02-17.09.27:369][ 30]LogContentBrowser: Native class hierarchy updated for 'MovieSceneCapture' in 0.0014 seconds. Added 9 classes and 0 folders.
[2016.02.02-17.09.27:405][ 30]PIE: Info Play in editor start time for /Game/UEDPIE_0_HelloWorld 1.29
[2016.02.02-17.09.59:746][745]LogWindowsTextInputMethodSystem:Display: IME system now deactivated.
[2016.02.02-17.09.59:931][746]Cmd: QUIT_EDITOR
[2016.02.02-17.10.00:174][746]LogExit: Preparing to exit.
[2016.02.02-17.10.01:169][746]LogExit: Editor shut down
[2016.02.02-17.10.01:170][746]LogExit: Transaction tracking system shut down
[2016.02.02-17.10.01:272][746]LogObj: Freed 0b from 0 cluster array pools.
[2016.02.02-17.10.01:272][746]LogExit: Object subsystem successfully closed.
[2016.02.02-17.10.01:286][746]LogD3D11RHI: Shutdown
[2016.02.02-17.10.01:286][746]LogD3D11RHI: CleanupD3DDevice
[2016.02.02-17.10.01:339][746]LogD3D11RHI: ~FD3D11DynamicRHI
[2016.02.02-17.10.01:415][746]LogDerivedDataCache: Shutdown
[2016.02.02-17.10.01:415][746]LogModuleManager: Shutting down and abandoning module MovieSceneCapture (205)
[2016.02.02-17.10.01:415][746]LogModuleManager: Shutting down and abandoning module HierarchicalLODOutliner (204)
[2016.02.02-17.10.01:415][746]LogModuleManager: Shutting down and abandoning module CrashTracker (203)
[2016.02.02-17.10.01:415][746]LogModuleManager: Shutting down and abandoning module SceneOutliner (202)
[2016.02.02-17.10.01:415][746]LogModuleManager: Shutting down and abandoning module SuperSearch (201)
[2016.02.02-17.10.01:415][746]LogModuleManager: Shutting down and abandoning module WidgetCarousel (200)
[2016.02.02-17.10.01:415][746]LogModuleManager: Shutting down and abandoning module AddContentDialog (199)
[2016.02.02-17.10.01:416][746]LogModuleManager: Shutting down and abandoning module GameplayTags (198)
[2016.02.02-17.10.01:416][746]LogModuleManager: Shutting down and abandoning module EditorWidgets (197)
[2016.02.02-17.10.01:416][746]LogModuleManager: Shutting down and abandoning module CollectionManager (196)
[2016.02.02-17.10.01:416][746]LogModuleManager: Shutting down and abandoning module StatsViewer (195)
[2016.02.02-17.10.01:416][746]LogModuleManager: Shutting down and abandoning module FoliageEdit (194)
[2016.02.02-17.10.01:416][746]LogModuleManager: Shutting down and abandoning module LandscapeEditor (193)
[2016.02.02-17.10.01:416][746]LogModuleManager: Shutting down and abandoning module ActorPickerMode (192)
[2016.02.02-17.10.01:416][746]LogModuleManager: Shutting down and abandoning module GeometryMode (191)
[2016.02.02-17.10.01:416][746]LogModuleManager: Shutting down and abandoning module TextureAlignMode (190)
[2016.02.02-17.10.01:416][746]LogModuleManager: Shutting down and abandoning module BspMode (189)
[2016.02.02-17.10.01:416][746]LogModuleManager: Shutting down and abandoning module PlacementMode (188)
[2016.02.02-17.10.01:416][746]LogModuleManager: Shutting down and abandoning module AutomationWorker (187)
[2016.02.02-17.10.01:416][746]LogModuleManager: Shutting down and abandoning module CharacterAI (186)
[2016.02.02-17.10.01:416][746]LogModuleManager: Shutting down and abandoning module SmartSnapping (185)
[2016.02.02-17.10.01:416][746]LogModuleManager: Shutting down and abandoning module ViewportSnapping (184)
[2016.02.02-17.10.01:416][746]LogModuleManager: Shutting down and abandoning module LogVisualizer (183)
[2016.02.02-17.10.01:416][746]LogModuleManager: Shutting down and abandoning module GameProjectGeneration (182)
[2016.02.02-17.10.01:416][746]LogModuleManager: Shutting down and abandoning module IntroTutorials (181)
[2016.02.02-17.10.01:416][746]LogModuleManager: Shutting down and abandoning module EditorLiveStreaming (180)
[2016.02.02-17.10.01:417][746]LogModuleManager: Shutting down and abandoning module IOSPlatformEditor (179)
[2016.02.02-17.10.01:417][746]LogModuleManager: Shutting down and abandoning module HTML5PlatformEditor (178)
[2016.02.02-17.10.01:417][746]LogModuleManager: Shutting down and abandoning module AndroidDeviceDetection (177)
[2016.02.02-17.10.01:732][746]LogModuleManager: Shutting down and abandoning module AndroidPlatformEditor (176)
[2016.02.02-17.10.01:732][746]LogModuleManager: Shutting down and abandoning module IOSRuntimeSettings (175)
[2016.02.02-17.10.01:732][746]LogModuleManager: Shutting down and abandoning module AndroidRuntimeSettings (174)
[2016.02.02-17.10.01:732][746]LogModuleManager: Shutting down and abandoning module MergeActors (173)
[2016.02.02-17.10.01:732][746]LogModuleManager: Shutting down and abandoning module SizeMap (172)
[2016.02.02-17.10.01:732][746]LogModuleManager: Shutting down and abandoning module TreeMap (171)
[2016.02.02-17.10.01:732][746]LogModuleManager: Shutting down and abandoning module ReferenceViewer (170)
[2016.02.02-17.10.01:732][746]LogModuleManager: Shutting down and abandoning module LocalizationService (169)
[2016.02.02-17.10.01:732][746]LogModuleManager: Shutting down and abandoning module LocalizationDashboard (168)
[2016.02.02-17.10.01:732][746]LogModuleManager: Shutting down and abandoning module HardwareTargeting (167)
[2016.02.02-17.10.01:732][746]LogModuleManager: Shutting down and abandoning module DeviceProfileEditor (166)
[2016.02.02-17.10.01:732][746]LogModuleManager: Shutting down and abandoning module UndoHistory (165)
[2016.02.02-17.10.01:732][746]LogModuleManager: Shutting down and abandoning module UserFeedback (164)
[2016.02.02-17.10.01:732][746]LogModuleManager: Shutting down and abandoning module XmlParser (163)
[2016.02.02-17.10.01:732][746]LogModuleManager: Shutting down and abandoning module Blutility (162)
[2016.02.02-17.10.01:732][746]LogModuleManager: Shutting down and abandoning module ProjectTargetPlatformEditor (161)
[2016.02.02-17.10.01:732][746]LogModuleManager: Shutting down and abandoning module ProjectSettingsViewer (160)
[2016.02.02-17.10.01:732][746]LogModuleManager: Shutting down and abandoning module InputBindingEditor (159)
[2016.02.02-17.10.01:733][746]LogModuleManager: Shutting down and abandoning module EditorSettingsViewer (158)
[2016.02.02-17.10.01:733][746]LogModuleManager: Shutting down and abandoning module SettingsEditor (157)
[2016.02.02-17.10.01:733][746]LogModuleManager: Shutting down and abandoning module ProjectLauncher (156)
[2016.02.02-17.10.01:733][746]LogModuleManager: Shutting down and abandoning module SessionFrontend (155)
[2016.02.02-17.10.01:733][746]LogModuleManager: Shutting down and abandoning module ProfilerClient (154)
[2016.02.02-17.10.01:733][746]LogModuleManager: Shutting down and abandoning module TargetDeviceServices (153)
[2016.02.02-17.10.01:733][746]LogModuleManager: Shutting down and abandoning module DeviceManager (152)
[2016.02.02-17.10.01:776][746]LogModuleManager: Shutting down and abandoning module AutomationController (151)
[2016.02.02-17.10.01:776][746]LogModuleManager: Shutting down and abandoning module AutomationWindow (150)
[2016.02.02-17.10.01:776][746]LogModuleManager: Shutting down and abandoning module Layers (149)
[2016.02.02-17.10.01:776][746]LogModuleManager: Shutting down and abandoning module ComponentVisualizers (148)
[2016.02.02-17.10.01:776][746]LogModuleManager: Shutting down and abandoning module DetailCustomizations (147)
[2016.02.02-17.10.01:776][746]LogModuleManager: Shutting down and abandoning module PackagesDialog (146)
[2016.02.02-17.10.01:776][746]LogModuleManager: Shutting down and abandoning module Persona (145)
[2016.02.02-17.10.01:776][746]LogModuleManager: Shutting down and abandoning module Kismet (144)
[2016.02.02-17.10.01:776][746]LogModuleManager: Shutting down and abandoning module GraphEditor (143)
[2016.02.02-17.10.01:776][746]LogModuleManager: Shutting down and abandoning module ClassViewer (142)
[2016.02.02-17.10.01:776][746]LogModuleManager: Shutting down and abandoning module Toolbox (141)
[2016.02.02-17.10.01:776][746]LogModuleManager: Shutting down and abandoning module ModuleUI (140)
[2016.02.02-17.10.01:776][746]LogModuleManager: Shutting down and abandoning module MovieSceneTools (139)
[2016.02.02-17.10.01:776][746]LogModuleManager: Shutting down and abandoning module OutputLog (138)
[2016.02.02-17.10.01:776][746]LogModuleManager: Shutting down and abandoning module GammaUI (137)
[2016.02.02-17.10.01:776][746]LogModuleManager: Shutting down and abandoning module Documentation (136)
[2016.02.02-17.10.01:776][746]LogModuleManager: Shutting down and abandoning module StreamingPauseRendering (135)
[2016.02.02-17.10.01:776][746]LogModuleManager: Shutting down and abandoning module AnalyticsET (134)
[2016.02.02-17.10.01:776][746]LogModuleManager: Shutting down and abandoning module Analytics (133)
[2016.02.02-17.10.01:776][746]LogModuleManager: Shutting down and abandoning module PortalServices (132)
[2016.02.02-17.10.01:776][746]LogModuleManager: Shutting down and abandoning module PortalRpc (131)
[2016.02.02-17.10.01:776][746]LogModuleManager: Shutting down and abandoning module MessagingRpc (130)
[2016.02.02-17.10.01:776][746]LogModuleManager: Shutting down and abandoning module AITestSuite (129)
[2016.02.02-17.10.01:776][746]LogModuleManager: Shutting down and abandoning module GameplayDebugger (128)
[2016.02.02-17.10.01:776][746]LogModuleManager: Shutting down and abandoning module AIModule (127)
[2016.02.02-17.10.01:776][746]LogModuleManager: Shutting down and abandoning module ProfilerService (126)
[2016.02.02-17.10.01:784][746]LogModuleManager: Shutting down and abandoning module TaskGraph (125)
[2016.02.02-17.10.01:784][746]LogModuleManager: Shutting down and abandoning module SlateRemote (124)
[2016.02.02-17.10.01:784][746]LogModuleManager: Shutting down and abandoning module SteamVRController (123)
[2016.02.02-17.10.01:784][746]LogModuleManager: Shutting down and abandoning module SteamVR (122)
[2016.02.02-17.10.01:784][746]LogModuleManager: Shutting down and abandoning module ProceduralMeshComponent (121)
[2016.02.02-17.10.01:784][746]LogModuleManager: Shutting down and abandoning module OculusLibrary (120)
[2016.02.02-17.10.01:784][746]LogModuleManager: Shutting down and abandoning module OculusInput (119)
[2016.02.02-17.10.01:784][746]LogModuleManager: Shutting down and abandoning module LeapMotionController (118)
[2016.02.02-17.10.01:802][746]LogModuleManager: Shutting down and abandoning module CustomMeshComponent (117)
[2016.02.02-17.10.01:802][746]LogModuleManager: Shutting down and abandoning module CableComponent (116)
[2016.02.02-17.10.01:802][746]LogModuleManager: Shutting down and abandoning module ArchVisCharacter (115)
[2016.02.02-17.10.01:802][746]LogModuleManager: Shutting down and abandoning module MediaPlayerEditor (114)
[2016.02.02-17.10.01:802][746]LogModuleManager: Shutting down and abandoning module HTML5Networking (113)
[2016.02.02-17.10.01:802][746]LogModuleManager: Shutting down and abandoning module SpeedTreeImporter (112)
[2016.02.02-17.10.01:802][746]LogModuleManager: Shutting down and abandoning module PluginBrowser (111)
[2016.02.02-17.10.01:802][746]LogModuleManager: Shutting down and abandoning module EpicSurvey (110)
[2016.02.02-17.10.01:802][746]LogModuleManager: Shutting down and abandoning module DesktopPlatform (109)
[2016.02.02-17.10.01:802][746]LogModuleManager: Shutting down and abandoning module VisualStudioSourceCodeAccess (108)
[2016.02.02-17.10.01:802][746]LogModuleManager: Shutting down and abandoning module UObjectPlugin (107)
[2016.02.02-17.10.01:802][746]LogModuleManager: Shutting down and abandoning module SubversionSourceControl (106)
[2016.02.02-17.10.01:802][746]LogModuleManager: Shutting down and abandoning module PerforceSourceControl (105)
[2016.02.02-17.10.01:802][746]LogModuleManager: Shutting down and abandoning module SourceControl (104)
[2016.02.02-17.10.01:802][746]LogModuleManager: Shutting down and abandoning module GitSourceControl (103)
[2016.02.02-17.10.01:802][746]LogModuleManager: Shutting down and abandoning module LightPropagationVolumeEditor (102)
[2016.02.02-17.10.01:802][746]LogModuleManager: Shutting down and abandoning module PaperTiledImporter (101)
[2016.02.02-17.10.01:802][746]LogModuleManager: Shutting down and abandoning module PaperSpriteSheetImporter (100)
[2016.02.02-17.10.01:802][746]LogModuleManager: Shutting down and abandoning module MeshPaint (99)
[2016.02.02-17.10.01:802][746]LogModuleManager: Shutting down and abandoning module HotReload (98)
[2016.02.02-17.10.01:803][746]LogModuleManager: Shutting down and abandoning module MainFrame (97)
[2016.02.02-17.10.01:803][746]LogModuleManager: Shutting down and abandoning module LevelEditor (96)
[2016.02.02-17.10.01:803][746]LogModuleManager: Shutting down and abandoning module DirectoryWatcher (95)
[2016.02.02-17.10.01:804][746]LogModuleManager: Shutting down and abandoning module AssetRegistry (94)
[2016.02.02-17.10.01:918][746]LogModuleManager: Shutting down and abandoning module ContentBrowser (93)
[2016.02.02-17.10.01:919][746]LogModuleManager: Shutting down and abandoning module Paper2DEditor (92)
[2016.02.02-17.10.01:919][746]LogModuleManager: Shutting down and abandoning module UdpMessaging (91)
[2016.02.02-17.10.02:020][746]LogModuleManager: Shutting down and abandoning module LightPropagationVolumeRuntime (90)
[2016.02.02-17.10.02:020][746]LogModuleManager: Shutting down and abandoning module Paper2D (89)
[2016.02.02-17.10.02:020][746]LogModuleManager: Shutting down and abandoning module WindowsMoviePlayer (88)
[2016.02.02-17.10.02:020][746]LogModuleManager: Shutting down and abandoning module Media (87)
[2016.02.02-17.10.02:020][746]LogModuleManager: Shutting down and abandoning module WmfMedia (86)
[2016.02.02-17.10.02:020][746]LogModuleManager: Shutting down and abandoning module GameLiveStreaming (85)
[2016.02.02-17.10.02:020][746]LogModuleManager: Shutting down and abandoning module GameplayTagsEditor (84)
[2016.02.02-17.10.02:020][746]LogModuleManager: Shutting down and abandoning module OnlineBlueprintSupport (83)
[2016.02.02-17.10.02:020][746]LogModuleManager: Shutting down and abandoning module GameplayTasksEditor (82)
[2016.02.02-17.10.02:020][746]LogModuleManager: Shutting down and abandoning module PropertyEditor (81)
[2016.02.02-17.10.02:020][746]LogModuleManager: Shutting down and abandoning module BehaviorTreeEditor (80)
[2016.02.02-17.10.02:020][746]LogModuleManager: Shutting down and abandoning module FunctionalTesting (79)
[2016.02.02-17.10.02:020][746]LogModuleManager: Shutting down and abandoning module CollisionAnalyzer (78)
[2016.02.02-17.10.02:020][746]LogModuleManager: Shutting down and abandoning module WorkspaceMenuStructure (77)
[2016.02.02-17.10.02:020][746]LogModuleManager: Shutting down and abandoning module MessageLog (76)
[2016.02.02-17.10.02:020][746]LogModuleManager: Shutting down and abandoning module Sequencer (75)
[2016.02.02-17.10.02:020][746]LogModuleManager: Shutting down and abandoning module AssetTools (74)
[2016.02.02-17.10.02:020][746]LogModuleManager: Shutting down and abandoning module UMGEditor (73)
[2016.02.02-17.10.02:020][746]LogModuleManager: Shutting down and abandoning module UMG (72)
[2016.02.02-17.10.02:020][746]LogModuleManager: Shutting down and abandoning module SlateReflector (71)
[2016.02.02-17.10.02:020][746]LogModuleManager: Shutting down and abandoning module Slate (70)
[2016.02.02-17.10.02:020][746]LogModuleManager: Shutting down and abandoning module EditorStyle (69)
[2016.02.02-17.10.02:022][746]LogModuleManager: Shutting down and abandoning module SessionServices (68)
[2016.02.02-17.10.02:022][746]LogModuleManager: Shutting down and abandoning module SourceCodeAccess (67)
[2016.02.02-17.10.02:022][746]LogModuleManager: Shutting down and abandoning module HeadMountedDisplay (66)
[2016.02.02-17.10.02:022][746]LogModuleManager: Shutting down and abandoning module XAudio2 (65)
[2016.02.02-17.10.02:022][746]LogModuleManager: Shutting down and abandoning module Networking (63)
[2016.02.02-17.10.02:022][746]LogModuleManager: Shutting down and abandoning module Core (62)
[2016.02.02-17.10.02:022][746]LogModuleManager: Shutting down and abandoning module KismetCompiler (61)
[2016.02.02-17.10.02:022][746]LogModuleManager: Shutting down and abandoning module PhysXFormats (60)
[2016.02.02-17.10.02:022][746]LogModuleManager: Shutting down and abandoning module MeshUtilities (59)
[2016.02.02-17.10.02:022][746]LogModuleManager: Shutting down and abandoning module CookingStats (58)
[2016.02.02-17.10.02:022][746]LogModuleManager: Shutting down and abandoning module DerivedDataCache (57)
[2016.02.02-17.10.02:022][746]LogDerivedDataCache: Shutdown
[2016.02.02-17.10.02:022][746]LogModuleManager: Shutting down and abandoning module ShaderFormatOpenGL (56)
[2016.02.02-17.10.02:022][746]LogModuleManager: Shutting down and abandoning module ShaderFormatD3D (55)
[2016.02.02-17.10.02:022][746]LogModuleManager: Shutting down and abandoning module MetalShaderFormat (54)
[2016.02.02-17.10.02:022][746]LogModuleManager: Shutting down and abandoning module TextureFormatUncompressed (53)
[2016.02.02-17.10.02:022][746]LogModuleManager: Shutting down and abandoning module TextureFormatPVR (52)
[2016.02.02-17.10.02:022][746]LogModuleManager: Shutting down and abandoning module TextureFormatIntelISPCTexComp (51)
[2016.02.02-17.10.02:022][746]LogModuleManager: Shutting down and abandoning module TextureFormatDXT (50)
[2016.02.02-17.10.02:022][746]LogModuleManager: Shutting down and abandoning module ImageWrapper (49)
[2016.02.02-17.10.02:022][746]LogModuleManager: Shutting down and abandoning module TextureFormatASTC (48)
[2016.02.02-17.10.02:022][746]LogModuleManager: Shutting down and abandoning module TextureFormatAndroid (47)
[2016.02.02-17.10.02:022][746]LogModuleManager: Shutting down and abandoning module AudioFormatOpus (46)
[2016.02.02-17.10.02:022][746]LogModuleManager: Shutting down and abandoning module AudioFormatOgg (45)
[2016.02.02-17.10.02:022][746]LogModuleManager: Shutting down and abandoning module AudioFormatADPCM (44)
[2016.02.02-17.10.02:022][746]LogModuleManager: Shutting down and abandoning module LinuxTargetPlatform (43)
[2016.02.02-17.10.02:022][746]LogModuleManager: Shutting down and abandoning module LinuxServerTargetPlatform (42)
[2016.02.02-17.10.02:022][746]LogModuleManager: Shutting down and abandoning module LinuxNoEditorTargetPlatform (41)
[2016.02.02-17.10.02:022][746]LogModuleManager: Shutting down and abandoning module TVOSTargetPlatform (40)
[2016.02.02-17.10.02:022][746]LogModuleManager: Shutting down and abandoning module Messaging (39)
[2016.02.02-17.10.02:022][746]LogModuleManager: Shutting down and abandoning module IOSTargetPlatform (38)
[2016.02.02-17.10.02:022][746]LogModuleManager: Shutting down and abandoning module HTML5TargetPlatform (37)
[2016.02.02-17.10.02:022][746]LogModuleManager: Shutting down and abandoning module Android_PVRTCTargetPlatform (36)
[2016.02.02-17.10.02:022][746]LogModuleManager: Shutting down and abandoning module Android_MultiTargetPlatform (35)
[2016.02.02-17.10.02:022][746]LogModuleManager: Shutting down and abandoning module Android_ETC2TargetPlatform (34)
[2016.02.02-17.10.02:022][746]LogModuleManager: Shutting down and abandoning module Android_ETC1TargetPlatform (33)
[2016.02.02-17.10.02:022][746]LogModuleManager: Shutting down and abandoning module Android_DXTTargetPlatform (32)
[2016.02.02-17.10.02:022][746]LogModuleManager: Shutting down and abandoning module Android_ATCTargetPlatform (31)
[2016.02.02-17.10.02:022][746]LogModuleManager: Shutting down and abandoning module Android_ASTCTargetPlatform (30)
[2016.02.02-17.10.02:022][746]LogModuleManager: Shutting down and abandoning module AndroidTargetPlatform (29)
[2016.02.02-17.10.02:022][746]LogModuleManager: Shutting down and abandoning module WindowsTargetPlatform (28)
[2016.02.02-17.10.02:022][746]LogModuleManager: Shutting down and abandoning module WindowsServerTargetPlatform (27)
[2016.02.02-17.10.02:022][746]LogModuleManager: Shutting down and abandoning module WindowsNoEditorTargetPlatform (26)
[2016.02.02-17.10.02:022][746]LogModuleManager: Shutting down and abandoning module WindowsClientTargetPlatform (25)
[2016.02.02-17.10.02:022][746]LogModuleManager: Shutting down and abandoning module AllDesktopTargetPlatform (24)
[2016.02.02-17.10.02:022][746]LogModuleManager: Shutting down and abandoning module TargetPlatform (23)
[2016.02.02-17.10.02:022][746]LogModuleManager: Shutting down and abandoning module InputCore (22)
[2016.02.02-17.10.02:022][746]LogModuleManager: Shutting down and abandoning module Settings (21)
[2016.02.02-17.10.02:022][746]LogModuleManager: Shutting down and abandoning module OnlineSubsystem (19)
[2016.02.02-17.10.02:022][746]LogModuleManager: Shutting down and abandoning module HTTP (18)
[2016.02.02-17.10.04:025][746]LogModuleManager: Shutting down and abandoning module XMPP (17)
[2016.02.02-17.10.04:025][746]LogModuleManager: Shutting down and abandoning module OculusRift (16)
[2016.02.02-17.10.04:026][746]LogModuleManager: Shutting down and abandoning module ExampleDeviceProfileSelector (15)
[2016.02.02-17.10.04:026][746]LogModuleManager: Shutting down and abandoning module TextureCompressor (14)
[2016.02.02-17.10.04:026][746]LogModuleManager: Shutting down and abandoning module ShaderCore (13)
[2016.02.02-17.10.04:026][746]LogModuleManager: Shutting down and abandoning module Landscape (12)
[2016.02.02-17.10.04:026][746]LogModuleManager: Shutting down and abandoning module SlateRHIRenderer (11)
[2016.02.02-17.10.04:031][746]LogModuleManager: Shutting down and abandoning module OpenGLDrv (10)
[2016.02.02-17.10.04:031][746]LogModuleManager: Shutting down and abandoning module D3D11RHI (9)
[2016.02.02-17.10.04:031][746]LogModuleManager: Shutting down and abandoning module AnimGraphRuntime (8)
[2016.02.02-17.10.04:031][746]LogModuleManager: Shutting down and abandoning module Renderer (7)
[2016.02.02-17.10.04:031][746]LogModuleManager: Shutting down and abandoning module Engine (6)
[2016.02.02-17.10.04:031][746]LogModuleManager: Shutting down and abandoning module CoreUObject (5)
[2016.02.02-17.10.04:031][746]LogModuleManager: Shutting down and abandoning module NetworkFile (4)
[2016.02.02-17.10.04:031][746]LogModuleManager: Shutting down and abandoning module StreamingFile (3)
[2016.02.02-17.10.04:031][746]LogModuleManager: Shutting down and abandoning module SandboxFile (2)
[2016.02.02-17.10.04:031][746]LogModuleManager: Shutting down and abandoning module PakFile (1)
[2016.02.02-17.10.04:036][746]LogExit: Exiting.
[2016.02.02-17.10.04:076][746]Log file closed, 02/02/16 15:10:04
